<?xml version="1.0" encoding="UTF-8"?>
<!-- Generated by org.testng.reporters.JUnitXMLReporter -->
<testsuite ignored="0" hostname="ATMECSINLT-038" failures="0" tests="16" name="Command line test" time="1.427" errors="0" timestamp="2019-08-22T14:55:28 IST">
  <testcase classname="Atmecs.DataProvider.Testing" name="testMethod4" time="0.01"/>
  <testcase classname="Atmecs.DataProvider.Testing" name="testMethod4" time="0.001"/>
  <testcase classname="Atmecs.DataProvider.Testing" name="testMethod4" time="0.001"/>
  <testcase classname="Atmecs.DataProvider.Testing" name="testMethod4" time="0.001"/>
  <testcase classname="Atmecs.DataProvider.Testing" name="testMethod2" time="0.001"/>
  <testcase classname="Atmecs.DataProvider.Testing" name="testMethod2" time="0.0"/>
  <testcase classname="Atmecs.DataProvider.Testing" name="testMethod2" time="0.0"/>
  <testcase classname="Atmecs.DataProvider.Testing" name="testMethod2" time="0.001"/>
  <testcase classname="Atmecs.DataProvider.Testing" name="testMethod1" time="0.001"/>
  <testcase classname="Atmecs.DataProvider.Testing" name="testMethod1" time="0.0"/>
  <testcase classname="Atmecs.DataProvider.Testing" name="testMethod1" time="0.001"/>
  <testcase classname="Atmecs.DataProvider.Testing" name="testMethod1" time="0.001"/>
  <testcase classname="Atmecs.DataProvider.Testing" name="testMethod3" time="0.002"/>
  <testcase classname="Atmecs.DataProvider.Testing" name="testMethod3" time="0.001"/>
  <testcase classname="Atmecs.DataProvider.Testing" name="testMethod3" time="0.0"/>
  <testcase classname="Atmecs.DataProvider.Testing" name="testMethod3" time="0.0"/>
</testsuite> <!-- Command line test -->
