<?xml version="1.0" encoding="UTF-8"?>
<!-- Generated by org.testng.reporters.JUnitXMLReporter -->
<testsuite ignored="0" hostname="ATMECSINLT-038" failures="0" tests="16" name="Default test" time="1.377" errors="0" timestamp="22 Aug 2019 09:24:16 GMT">
  <testcase classname="Atmecs.DataProvider.Testing" name="testMethod4" time="0.013"/>
  <testcase classname="Atmecs.DataProvider.Testing" name="testMethod4" time="0.006"/>
  <testcase classname="Atmecs.DataProvider.Testing" name="testMethod4" time="0.004"/>
  <testcase classname="Atmecs.DataProvider.Testing" name="testMethod4" time="0.002"/>
  <testcase classname="Atmecs.DataProvider.Testing" name="testMethod2" time="0.002"/>
  <testcase classname="Atmecs.DataProvider.Testing" name="testMethod2" time="0.004"/>
  <testcase classname="Atmecs.DataProvider.Testing" name="testMethod2" time="0.002"/>
  <testcase classname="Atmecs.DataProvider.Testing" name="testMethod2" time="0.002"/>
  <testcase classname="Atmecs.DataProvider.Testing" name="testMethod1" time="0.008"/>
  <testcase classname="Atmecs.DataProvider.Testing" name="testMethod1" time="0.002"/>
  <testcase classname="Atmecs.DataProvider.Testing" name="testMethod1" time="0.002"/>
  <testcase classname="Atmecs.DataProvider.Testing" name="testMethod1" time="0.001"/>
  <testcase classname="Atmecs.DataProvider.Testing" name="testMethod3" time="0.002"/>
  <testcase classname="Atmecs.DataProvider.Testing" name="testMethod3" time="0.002"/>
  <testcase classname="Atmecs.DataProvider.Testing" name="testMethod3" time="0.002"/>
  <testcase classname="Atmecs.DataProvider.Testing" name="testMethod3" time="0.008"/>
</testsuite> <!-- Default test -->
