<?xml version="1.0" encoding="UTF-8"?>
<!-- Generated by org.testng.reporters.JUnitXMLReporter -->
<testsuite ignored="0" hostname="ATMECSINLT-038" failures="1" tests="1" name="Test" time="0.06" errors="0" timestamp="22 Aug 2019 07:46:02 GMT">
  <testcase classname="dataProvide.DataProvider" name="testMethod" time="0.0">
    <failure type="org.testng.TestNGException" message="
Method public void dataProvide.DataProvider.testMethod(java.lang.String) requires a @DataProvider named : data in class org.testng.annotations.Test">
      <![CDATA[org.testng.TestNGException: 
... Removed 23 stack frames]]>
    </failure>
  </testcase> <!-- testMethod -->
</testsuite> <!-- Test -->
